TN:
SF:tvchannels.js
FN:2,(anonymous_0)
FN:11,(anonymous_1)
FN:20,(anonymous_2)
FN:27,(anonymous_3)
FN:28,(anonymous_4)
FN:37,(anonymous_5)
FN:38,(anonymous_6)
FN:41,(anonymous_7)
FN:46,(anonymous_8)
FN:52,(anonymous_9)
FN:52,(anonymous_10)
FN:57,(anonymous_11)
FN:68,(anonymous_12)
FN:69,(anonymous_13)
FN:73,(anonymous_14)
FN:76,(anonymous_15)
FN:85,(anonymous_16)
FN:94,(anonymous_17)
FNF:18
FNH:5
FNDA:6,(anonymous_0)
FNDA:1,(anonymous_1)
FNDA:1,(anonymous_2)
FNDA:6,(anonymous_3)
FNDA:11,(anonymous_4)
FNDA:0,(anonymous_5)
FNDA:0,(anonymous_6)
FNDA:0,(anonymous_7)
FNDA:0,(anonymous_8)
FNDA:0,(anonymous_9)
FNDA:0,(anonymous_10)
FNDA:0,(anonymous_11)
FNDA:0,(anonymous_12)
FNDA:0,(anonymous_13)
FNDA:0,(anonymous_14)
FNDA:0,(anonymous_15)
FNDA:0,(anonymous_16)
FNDA:0,(anonymous_17)
DA:3,6
DA:4,6
DA:5,6
DA:6,6
DA:12,1
DA:13,1
DA:21,1
DA:22,1
DA:28,11
DA:29,6
DA:30,1
DA:32,5
DA:37,1
DA:38,0
DA:39,0
DA:40,0
DA:41,0
DA:42,0
DA:46,1
DA:52,1
DA:57,1
DA:58,0
DA:59,0
DA:61,0
DA:63,0
DA:69,0
DA:73,1
DA:76,1
DA:85,1
DA:102,1
LF:30
LH:20
BRDA:29,0,0,1
BRDA:29,0,1,5
BRDA:39,1,0,0
BRDA:39,1,1,0
BRDA:58,2,0,0
BRDA:58,2,1,0
BRF:6
BRH:2
end_of_record
